<?xml version="1.0" encoding="UTF-8"?>
<!-- Generated by org.testng.reporters.JUnitReportReporter -->
<testsuite hostname="DESKTOP-896SHKI" failures="0" tests="4" name="com.testCases.Home_WomensSection" time="13.050" errors="0" timestamp="2023-07-19T16:30:41 EDT" skipped="0">
  <testcase classname="com.testCases.Home_WomensSection" name="womensSectionCheckBoxes" time="1.377"/>
  <system-out/>
  <testcase classname="com.testCases.Home_WomensSection" name="nameCheckBoxes" time="0.419"/>
  <system-out/>
  <testcase classname="com.testCases.Home_WomensSection" name="multipleSelectionChek" time="3.412"/>
  <system-out/>
  <testcase classname="com.testCases.Home_WomensSection" name="allCheckBoxesSelected" time="7.842"/>
  <system-out/>
</testsuite> <!-- com.testCases.Home_WomensSection -->
