<?xml version="1.0" encoding="UTF-8"?>
<!-- Generated by org.testng.reporters.JUnitReportReporter -->
<testsuite hostname="DESKTOP-896SHKI" failures="0" tests="1" name="com.testCases.SearchItem" time="2.300" errors="0" timestamp="2023-06-22T13:57:54 EDT" skipped="0">
  <testcase classname="com.testCases.SearchItem" name="accessAllow" time="2.300"/>
  <system-out/>
</testsuite> <!-- com.testCases.SearchItem -->
