<?xml version="1.0" encoding="UTF-8"?>
<!-- Generated by org.testng.reporters.JUnitReportReporter -->
<testsuite hostname="DESKTOP-896SHKI" failures="0" tests="1" name="com.testCases.Homw_WomensSection" time="5.527" errors="0" timestamp="2023-06-22T15:43:40 EDT" skipped="0">
  <testcase classname="com.testCases.Homw_WomensSection" name="womensSection" time="5.527"/>
  <system-out/>
</testsuite> <!-- com.testCases.Homw_WomensSection -->
